0 info it worked if it ends with ok
1 verbose cli [ '/usr/local/bin/node',
1 verbose cli   '/usr/local/bin/npm',
1 verbose cli   'install',
1 verbose cli   '-',
1 verbose cli   'nodemon' ]
2 info using npm@2.14.4
3 info using node@v4.1.1
4 verbose install initial load of /Users/apropas/Documents/dev_stuff/CD_HW/MEAN_stack/full_mean/discussion_board/package.json
5 warn package.json discussion_board@1.0.0 No repository field.
6 warn package.json discussion_board@1.0.0 No README data
7 verbose installManyTop reading scoped package data from /Users/apropas/Documents/dev_stuff/CD_HW/MEAN_stack/full_mean/discussion_board/node_modules/body-parser/package.json
8 verbose installManyTop reading scoped package data from /Users/apropas/Documents/dev_stuff/CD_HW/MEAN_stack/full_mean/discussion_board/node_modules/express/package.json
9 verbose installManyTop reading scoped package data from /Users/apropas/Documents/dev_stuff/CD_HW/MEAN_stack/full_mean/discussion_board/node_modules/mongoose/package.json
10 verbose readDependencies loading dependencies from /Users/apropas/Documents/dev_stuff/CD_HW/MEAN_stack/full_mean/discussion_board/package.json
11 silly cache add args [ '-', null ]
12 verbose cache add spec -
13 silly cache add args [ 'nodemon', null ]
14 verbose cache add spec nodemon
15 silly cache add parsed spec Result {
15 silly cache add   raw: '-',
15 silly cache add   scope: null,
15 silly cache add   name: null,
15 silly cache add   rawSpec: '-',
15 silly cache add   spec: '/Users/apropas/Documents/dev_stuff/CD_HW/MEAN_stack/full_mean/discussion_board/-',
15 silly cache add   type: 'local' }
16 silly cache add parsed spec Result {
16 silly cache add   raw: 'nodemon',
16 silly cache add   scope: null,
16 silly cache add   name: 'nodemon',
16 silly cache add   rawSpec: '',
16 silly cache add   spec: '*',
16 silly cache add   type: 'range' }
17 silly addNamed nodemon@*
18 verbose addNamed "*" is a valid semver range for nodemon
19 silly addNameRange { name: 'nodemon', range: '*', hasData: false }
20 silly mapToRegistry name nodemon
21 silly mapToRegistry using default registry
22 silly mapToRegistry registry https://registry.npmjs.org/
23 silly mapToRegistry uri https://registry.npmjs.org/nodemon
24 verbose addNameRange registry:https://registry.npmjs.org/nodemon not in flight; fetching
25 error addLocal Could not install /Users/apropas/Documents/dev_stuff/CD_HW/MEAN_stack/full_mean/discussion_board/-
26 verbose request uri https://registry.npmjs.org/nodemon
27 verbose request no auth needed
28 info attempt registry request try #1 at 2:11:39 PM
29 verbose request id f20bdd7edcb818c7
30 verbose etag "41ELT4LZ96PJM6EV8MC6ZVHAG"
31 http request GET https://registry.npmjs.org/nodemon
32 http 200 https://registry.npmjs.org/nodemon
33 silly get cb [ 200,
33 silly get   { server: 'CouchDB/1.5.0 (Erlang OTP/R16B03)',
33 silly get     etag: '"9B9T7WLGKGIQ6S978EPJOHSWD"',
33 silly get     'content-type': 'application/json',
33 silly get     'cache-control': 'max-age=300',
33 silly get     'content-length': '184224',
33 silly get     'accept-ranges': 'bytes',
33 silly get     date: 'Fri, 19 Feb 2016 22:11:40 GMT',
33 silly get     via: '1.1 varnish',
33 silly get     age: '117',
33 silly get     connection: 'keep-alive',
33 silly get     'x-served-by': 'cache-sjc3130-SJC',
33 silly get     'x-cache': 'HIT',
33 silly get     'x-cache-hits': '1',
33 silly get     'x-timer': 'S1455919900.074434,VS0,VE0',
33 silly get     vary: 'Accept' } ]
34 verbose get saving nodemon to /Users/apropas/.npm/registry.npmjs.org/nodemon/.cache.json
35 silly addNameRange number 2 { name: 'nodemon', range: '*', hasData: true }
36 silly addNameRange versions [ 'nodemon',
36 silly addNameRange   [ '0.1.4',
36 silly addNameRange     '0.1.5',
36 silly addNameRange     '0.1.6',
36 silly addNameRange     '0.1.7',
36 silly addNameRange     '0.1.8',
36 silly addNameRange     '0.2.0',
36 silly addNameRange     '0.2.1',
36 silly addNameRange     '0.2.2',
36 silly addNameRange     '0.3.0',
36 silly addNameRange     '0.3.1',
36 silly addNameRange     '0.3.2',
36 silly addNameRange     '0.4.0',
36 silly addNameRange     '0.4.1',
36 silly addNameRange     '0.5.0',
36 silly addNameRange     '0.5.1',
36 silly addNameRange     '0.5.2',
36 silly addNameRange     '0.5.3',
36 silly addNameRange     '0.5.4',
36 silly addNameRange     '0.5.5',
36 silly addNameRange     '0.5.6',
36 silly addNameRange     '0.5.7',
36 silly addNameRange     '0.6.0',
36 silly addNameRange     '0.6.1',
36 silly addNameRange     '0.6.2',
36 silly addNameRange     '0.6.3',
36 silly addNameRange     '0.6.4',
36 silly addNameRange     '0.6.5',
36 silly addNameRange     '0.6.6',
36 silly addNameRange     '0.6.7',
36 silly addNameRange     '0.6.8',
36 silly addNameRange     '0.6.9',
36 silly addNameRange     '0.6.10',
36 silly addNameRange     '0.6.11',
36 silly addNameRange     '0.6.12',
36 silly addNameRange     '0.6.13',
36 silly addNameRange     '0.6.14',
36 silly addNameRange     '0.6.15',
36 silly addNameRange     '0.6.16',
36 silly addNameRange     '0.6.17',
36 silly addNameRange     '0.6.18',
36 silly addNameRange     '0.6.19',
36 silly addNameRange     '0.6.20',
36 silly addNameRange     '0.6.21',
36 silly addNameRange     '0.6.22',
36 silly addNameRange     '0.6.23',
36 silly addNameRange     '0.7.0',
36 silly addNameRange     '0.7.1',
36 silly addNameRange     '0.7.2',
36 silly addNameRange     '0.7.3',
36 silly addNameRange     '0.7.4',
36 silly addNameRange     '0.7.5',
36 silly addNameRange     '0.7.6',
36 silly addNameRange     '0.7.7',
36 silly addNameRange     '0.7.8',
36 silly addNameRange     '0.7.10',
36 silly addNameRange     '0.9.0',
36 silly addNameRange     '0.9.1',
36 silly addNameRange     '0.9.2',
36 silly addNameRange     '0.9.3',
36 silly addNameRange     '0.9.5',
36 silly addNameRange     '0.9.6',
36 silly addNameRange     '0.9.7',
36 silly addNameRange     '0.9.10',
36 silly addNameRange     '0.9.11',
36 silly addNameRange     '0.9.12',
36 silly addNameRange     '0.9.14',
36 silly addNameRange     '0.9.16',
36 silly addNameRange     '0.9.17',
36 silly addNameRange     '1.0.0',
36 silly addNameRange     '1.0.1',
36 silly addNameRange     '1.0.2',
36 silly addNameRange     '1.0.2-rc',
36 silly addNameRange     '0.6.10-a',
36 silly addNameRange     '1.0.2-rc3',
36 silly addNameRange     '1.0.2-rc4',
36 silly addNameRange     '1.0.3',
36 silly addNameRange     '1.0.4',
36 silly addNameRange     '1.0.5',
36 silly addNameRange     '1.0.6',
36 silly addNameRange     '1.0.7',
36 silly addNameRange     '1.0.8',
36 silly addNameRange     '1.0.9',
36 silly addNameRange     '1.0.10',
36 silly addNameRange     '1.0.11',
36 silly addNameRange     '1.0.12',
36 silly addNameRange     '1.0.13',
36 silly addNameRange     '1.0.14',
36 silly addNameRange     '1.0.15',
36 silly addNameRange     '1.0.16',
36 silly addNameRange     '1.0.17-rc1',
36 silly addNameRange     '1.0.17-rc2',
36 silly addNameRange     '1.0.17',
36 silly addNameRange     '1.0.18',
36 silly addNameRange     '1.0.19',
36 silly addNameRange     '1.0.20',
36 silly addNameRange     '1.1.0-alpha',
36 silly addNameRange     '1.1.0',
36 silly addNameRange     '1.1.1',
36 silly addNameRange     '1.2.0',
36 silly addNameRange     '1.2.1',
36 silly addNameRange     '1.3.0-0',
36 silly addNameRange     '1.3.0-1',
36 silly addNameRange     '1.3.0-2',
36 silly addNameRange     '1.3.0-3',
36 silly addNameRange     '1.3.0-4',
36 silly addNameRange     '1.3.0-5',
36 silly addNameRange     '1.3.0-6',
36 silly addNameRange     '1.3.0-7',
36 silly addNameRange     '1.3.0',
36 silly addNameRange     '1.3.1',
36 silly addNameRange     '1.3.2',
36 silly addNameRange     '1.3.3',
36 silly addNameRange     '1.3.5',
36 silly addNameRange     '1.3.6',
36 silly addNameRange     '1.3.7',
36 silly addNameRange     '1.3.8',
36 silly addNameRange     '1.4.0',
36 silly addNameRange     '1.4.1',
36 silly addNameRange     '1.5.0-alpha1',
36 silly addNameRange     '1.5.0-alpha2',
36 silly addNameRange     '1.5.0-alpha3',
36 silly addNameRange     '1.5.0-alpha4',
36 silly addNameRange     '1.4.2',
36 silly addNameRange     '1.5.0',
36 silly addNameRange     '1.5.1',
36 silly addNameRange     '1.6.0',
36 silly addNameRange     '1.6.1',
36 silly addNameRange     '1.7.0',
36 silly addNameRange     '1.7.1',
36 silly addNameRange     '1.7.2',
36 silly addNameRange     '1.7.3',
36 silly addNameRange     '1.8.0',
36 silly addNameRange     '1.8.1',
36 silly addNameRange     '1.9.0' ] ]
37 silly addNamed nodemon@1.9.0
38 verbose addNamed "1.9.0" is a plain semver version for nodemon
39 silly mapToRegistry name nodemon
40 silly mapToRegistry using default registry
41 silly mapToRegistry registry https://registry.npmjs.org/
42 silly mapToRegistry uri https://registry.npmjs.org/nodemon
43 verbose addRemoteTarball https://registry.npmjs.org/nodemon/-/nodemon-1.9.0.tgz not in flight; adding
44 verbose addRemoteTarball [ 'https://registry.npmjs.org/nodemon/-/nodemon-1.9.0.tgz',
44 verbose addRemoteTarball   'af62de1765b3c868a29f7504f31eed913a5957b9' ]
45 info retry fetch attempt 1 at 2:11:40 PM
46 info attempt registry request try #1 at 2:11:40 PM
47 http fetch GET https://registry.npmjs.org/nodemon/-/nodemon-1.9.0.tgz
48 http fetch 200 https://registry.npmjs.org/nodemon/-/nodemon-1.9.0.tgz
49 silly fetchAndShaCheck shasum af62de1765b3c868a29f7504f31eed913a5957b9
50 verbose addTmpTarball /var/folders/72/8k5z_pbs4fv_vrc4p8g0ffm40000gn/T/npm-47810-2fc92841/registry.npmjs.org/nodemon/-/nodemon-1.9.0.tgz not in flight; adding
51 verbose addTmpTarball already have metadata; skipping unpack for nodemon@1.9.0
52 silly cache afterAdd nodemon@1.9.0
53 verbose afterAdd /Users/apropas/.npm/nodemon/1.9.0/package/package.json not in flight; writing
54 verbose afterAdd /Users/apropas/.npm/nodemon/1.9.0/package/package.json written
55 verbose stack Error: ENOENT: no such file or directory, open '/Users/apropas/Documents/dev_stuff/CD_HW/MEAN_stack/full_mean/discussion_board/-'
55 verbose stack     at Error (native)
56 verbose cwd /Users/apropas/Documents/dev_stuff/CD_HW/MEAN_stack/full_mean/discussion_board
57 error Darwin 15.3.0
58 error argv "/usr/local/bin/node" "/usr/local/bin/npm" "install" "-" "nodemon"
59 error node v4.1.1
60 error npm  v2.14.4
61 error path /Users/apropas/Documents/dev_stuff/CD_HW/MEAN_stack/full_mean/discussion_board/-
62 error code ENOENT
63 error errno -2
64 error syscall open
65 error enoent ENOENT: no such file or directory, open '/Users/apropas/Documents/dev_stuff/CD_HW/MEAN_stack/full_mean/discussion_board/-'
65 error enoent This is most likely not a problem with npm itself
65 error enoent and is related to npm not being able to find a file.
66 verbose exit [ -2, true ]
